usage: runserver.py [-h] [-a AUTH_SERVICE] [-u USERNAME] [-p PASSWORD]
                    [-l LOCATION] [-st STEP_LIMIT] [-sd SCAN_DELAY]
                    [-ld LOGIN_DELAY] [-dc] [-H HOST] [-P PORT] [-L LOCALE]
                    [-c] [-d] [-m] [-ns] [-os] [-nsc] [-fl] -k GMAPS_KEY [-C]
                    [-D DB] [-cd] [-np] [-ng] [-nk] [--db-type DB_TYPE]
                    [--db-name DB_NAME] [--db-user DB_USER]
                    [--db-pass DB_PASS] [--db-host DB_HOST]
                    [--db-max_connections DB_MAX_CONNECTIONS]
                    [-wh [WEBHOOKS [WEBHOOKS ...]]]
runserver.py: error: argument -k/--gmaps-key is required
usage: runserver.py [-h] [-a AUTH_SERVICE] [-u USERNAME] [-p PASSWORD]
                    [-l LOCATION] [-st STEP_LIMIT] [-sd SCAN_DELAY]
                    [-ld LOGIN_DELAY] [-dc] [-H HOST] [-P PORT] [-L LOCALE]
                    [-c] [-d] [-m] [-ns] [-os] [-nsc] [-fl] -k GMAPS_KEY [-C]
                    [-D DB] [-cd] [-np] [-ng] [-nk] [--db-type DB_TYPE]
                    [--db-name DB_NAME] [--db-user DB_USER]
                    [--db-pass DB_PASS] [--db-host DB_HOST]
                    [--db-max_connections DB_MAX_CONNECTIONS]
                    [-wh [WEBHOOKS [WEBHOOKS ...]]]
runserver.py: error: argument -k/--gmaps-key is required
usage: runserver.py [-h] [-a AUTH_SERVICE] [-u USERNAME] [-p PASSWORD]
                    [-l LOCATION] [-st STEP_LIMIT] [-sd SCAN_DELAY]
                    [-ld LOGIN_DELAY] [-dc] [-H HOST] [-P PORT] [-L LOCALE]
                    [-c] [-d] [-m] [-ns] [-os] [-nsc] [-fl] -k GMAPS_KEY [-C]
                    [-D DB] [-cd] [-np] [-ng] [-nk] [--db-type DB_TYPE]
                    [--db-name DB_NAME] [--db-user DB_USER]
                    [--db-pass DB_PASS] [--db-host DB_HOST]
                    [--db-max_connections DB_MAX_CONNECTIONS]
                    [-wh [WEBHOOKS [WEBHOOKS ...]]]
runserver.py: error: argument -k/--gmaps-key is required
usage: runserver.py [-h] [-a AUTH_SERVICE] [-u USERNAME] [-p PASSWORD]
                    [-l LOCATION] [-st STEP_LIMIT] [-sd SCAN_DELAY]
                    [-ld LOGIN_DELAY] [-dc] [-H HOST] [-P PORT] [-L LOCALE]
                    [-c] [-d] [-m] [-ns] [-os] [-nsc] [-fl] -k GMAPS_KEY [-C]
                    [-D DB] [-cd] [-np] [-ng] [-nk] [--db-type DB_TYPE]
                    [--db-name DB_NAME] [--db-user DB_USER]
                    [--db-pass DB_PASS] [--db-host DB_HOST]
                    [--db-max_connections DB_MAX_CONNECTIONS]
                    [-wh [WEBHOOKS [WEBHOOKS ...]]]
runserver.py: error: argument -k/--gmaps-key is required
usage: runserver.py [-h] [-a AUTH_SERVICE] [-u USERNAME] [-p PASSWORD]
                    [-l LOCATION] [-st STEP_LIMIT] [-sd SCAN_DELAY]
                    [-ld LOGIN_DELAY] [-dc] [-H HOST] [-P PORT] [-L LOCALE]
                    [-c] [-d] [-m] [-ns] [-os] [-nsc] [-fl] -k GMAPS_KEY [-C]
                    [-D DB] [-cd] [-np] [-ng] [-nk] [--db-type DB_TYPE]
                    [--db-name DB_NAME] [--db-user DB_USER]
                    [--db-pass DB_PASS] [--db-host DB_HOST]
                    [--db-max_connections DB_MAX_CONNECTIONS]
                    [-wh [WEBHOOKS [WEBHOOKS ...]]]
runserver.py: error: argument -k/--gmaps-key is required
usage: runserver.py [-h] [-a AUTH_SERVICE] [-u USERNAME] [-p PASSWORD]
                    [-l LOCATION] [-st STEP_LIMIT] [-sd SCAN_DELAY]
                    [-ld LOGIN_DELAY] [-dc] [-H HOST] [-P PORT] [-L LOCALE]
                    [-c] [-d] [-m] [-ns] [-os] [-nsc] [-fl] -k GMAPS_KEY [-C]
                    [-D DB] [-cd] [-np] [-ng] [-nk] [--db-type DB_TYPE]
                    [--db-name DB_NAME] [--db-user DB_USER]
                    [--db-pass DB_PASS] [--db-host DB_HOST]
                    [--db-max_connections DB_MAX_CONNECTIONS]
                    [-wh [WEBHOOKS [WEBHOOKS ...]]]
runserver.py: error: argument -k/--gmaps-key is required
usage: runserver.py [-h] [-a AUTH_SERVICE] [-u USERNAME] [-p PASSWORD]
                    [-l LOCATION] [-st STEP_LIMIT] [-sd SCAN_DELAY]
                    [-ld LOGIN_DELAY] [-dc] [-H HOST] [-P PORT] [-L LOCALE]
                    [-c] [-d] [-m] [-ns] [-os] [-nsc] [-fl] -k GMAPS_KEY [-C]
                    [-D DB] [-cd] [-np] [-ng] [-nk] [--db-type DB_TYPE]
                    [--db-name DB_NAME] [--db-user DB_USER]
                    [--db-pass DB_PASS] [--db-host DB_HOST]
                    [--db-max_connections DB_MAX_CONNECTIONS]
                    [-wh [WEBHOOKS [WEBHOOKS ...]]]
runserver.py: error: argument -k/--gmaps-key is required
usage: runserver.py [-h] [-a AUTH_SERVICE] [-u USERNAME] [-p PASSWORD]
                    [-l LOCATION] [-st STEP_LIMIT] [-sd SCAN_DELAY]
                    [-ld LOGIN_DELAY] [-dc] [-H HOST] [-P PORT] [-L LOCALE]
                    [-c] [-d] [-m] [-ns] [-os] [-nsc] [-fl] -k GMAPS_KEY [-C]
                    [-D DB] [-cd] [-np] [-ng] [-nk] [--db-type DB_TYPE]
                    [--db-name DB_NAME] [--db-user DB_USER]
                    [--db-pass DB_PASS] [--db-host DB_HOST]
                    [--db-max_connections DB_MAX_CONNECTIONS]
                    [-wh [WEBHOOKS [WEBHOOKS ...]]]
runserver.py: error: argument -k/--gmaps-key is required
usage: runserver.py [-h] [-a AUTH_SERVICE] [-u USERNAME] [-p PASSWORD]
                    [-l LOCATION] [-st STEP_LIMIT] [-sd SCAN_DELAY]
                    [-ld LOGIN_DELAY] [-dc] [-H HOST] [-P PORT] [-L LOCALE]
                    [-c] [-d] [-m] [-ns] [-os] [-nsc] [-fl] -k GMAPS_KEY [-C]
                    [-D DB] [-cd] [-np] [-ng] [-nk] [--db-type DB_TYPE]
                    [--db-name DB_NAME] [--db-user DB_USER]
                    [--db-pass DB_PASS] [--db-host DB_HOST]
                    [--db-max_connections DB_MAX_CONNECTIONS]
                    [-wh [WEBHOOKS [WEBHOOKS ...]]]
runserver.py: error: argument -k/--gmaps-key is required
usage: runserver.py [-h] [-a AUTH_SERVICE] [-u USERNAME] [-p PASSWORD]
                    [-l LOCATION] [-st STEP_LIMIT] [-sd SCAN_DELAY]
                    [-ld LOGIN_DELAY] [-dc] [-H HOST] [-P PORT] [-L LOCALE]
                    [-c] [-d] [-m] [-ns] [-os] [-nsc] [-fl] -k GMAPS_KEY [-C]
                    [-D DB] [-cd] [-np] [-ng] [-nk] [--db-type DB_TYPE]
                    [--db-name DB_NAME] [--db-user DB_USER]
                    [--db-pass DB_PASS] [--db-host DB_HOST]
                    [--db-max_connections DB_MAX_CONNECTIONS]
                    [-wh [WEBHOOKS [WEBHOOKS ...]]]
runserver.py: error: argument -k/--gmaps-key is required
usage: runserver.py [-h] [-a AUTH_SERVICE] [-u USERNAME] [-p PASSWORD]
                    [-l LOCATION] [-st STEP_LIMIT] [-sd SCAN_DELAY]
                    [-ld LOGIN_DELAY] [-dc] [-H HOST] [-P PORT] [-L LOCALE]
                    [-c] [-d] [-m] [-ns] [-os] [-nsc] [-fl] -k GMAPS_KEY [-C]
                    [-D DB] [-cd] [-np] [-ng] [-nk] [--db-type DB_TYPE]
                    [--db-name DB_NAME] [--db-user DB_USER]
                    [--db-pass DB_PASS] [--db-host DB_HOST]
                    [--db-max_connections DB_MAX_CONNECTIONS]
                    [-wh [WEBHOOKS [WEBHOOKS ...]]]
runserver.py: error: argument -k/--gmaps-key is required
2016-08-02 19:38:34,317 [      MainThread][     runserver][    INFO] Parsed location is: 34.0096/-118.4988/0.0000 (lat/lng/alt)
2016-08-02 19:38:34,319 [      MainThread][        models][    INFO] Connecting to local SQLLite database
usage: runserver.py [-h] [-a AUTH_SERVICE] [-u USERNAME] [-p PASSWORD]
                    [-l LOCATION] [-st STEP_LIMIT] [-sd SCAN_DELAY]
                    [-ld LOGIN_DELAY] [-dc] [-H HOST] [-P PORT] [-L LOCALE]
                    [-c] [-d] [-m] [-ns] [-os] [-nsc] [-fl] -k GMAPS_KEY [-C]
                    [-D DB] [-cd] [-np] [-ng] [-nk] [--db-type DB_TYPE]
                    [--db-name DB_NAME] [--db-user DB_USER]
                    [--db-pass DB_PASS] [--db-host DB_HOST]
                    [--db-max_connections DB_MAX_CONNECTIONS]
                    [-wh [WEBHOOKS [WEBHOOKS ...]]]
runserver.py: error: argument -k/--gmaps-key is required
usage: runserver.py [-h] [-a AUTH_SERVICE] [-u USERNAME] [-p PASSWORD]
                    [-l LOCATION] [-st STEP_LIMIT] [-sd SCAN_DELAY]
                    [-ld LOGIN_DELAY] [-dc] [-H HOST] [-P PORT] [-L LOCALE]
                    [-c] [-d] [-m] [-ns] [-os] [-nsc] [-fl] -k GMAPS_KEY [-C]
                    [-D DB] [-cd] [-np] [-ng] [-nk] [--db-type DB_TYPE]
                    [--db-name DB_NAME] [--db-user DB_USER]
                    [--db-pass DB_PASS] [--db-host DB_HOST]
                    [--db-max_connections DB_MAX_CONNECTIONS]
                    [-wh [WEBHOOKS [WEBHOOKS ...]]]
runserver.py: error: argument -k/--gmaps-key is required
usage: runserver.py [-h] [-a AUTH_SERVICE] [-u USERNAME] [-p PASSWORD]
                    [-l LOCATION] [-st STEP_LIMIT] [-sd SCAN_DELAY]
                    [-ld LOGIN_DELAY] [-dc] [-H HOST] [-P PORT] [-L LOCALE]
                    [-c] [-d] [-m] [-ns] [-os] [-nsc] [-fl] -k GMAPS_KEY [-C]
                    [-D DB] [-cd] [-np] [-ng] [-nk] [--db-type DB_TYPE]
                    [--db-name DB_NAME] [--db-user DB_USER]
                    [--db-pass DB_PASS] [--db-host DB_HOST]
                    [--db-max_connections DB_MAX_CONNECTIONS]
                    [-wh [WEBHOOKS [WEBHOOKS ...]]]
runserver.py: error: argument -k/--gmaps-key is required
usage: runserver.py [-h] [-a AUTH_SERVICE] [-u USERNAME] [-p PASSWORD]
                    [-l LOCATION] [-st STEP_LIMIT] [-sd SCAN_DELAY]
                    [-ld LOGIN_DELAY] [-dc] [-H HOST] [-P PORT] [-L LOCALE]
                    [-c] [-d] [-m] [-ns] [-os] [-nsc] [-fl] -k GMAPS_KEY [-C]
                    [-D DB] [-cd] [-np] [-ng] [-nk] [--db-type DB_TYPE]
                    [--db-name DB_NAME] [--db-user DB_USER]
                    [--db-pass DB_PASS] [--db-host DB_HOST]
                    [--db-max_connections DB_MAX_CONNECTIONS]
                    [-wh [WEBHOOKS [WEBHOOKS ...]]]
runserver.py: error: argument -k/--gmaps-key is required
usage: runserver.py [-h] [-a AUTH_SERVICE] [-u USERNAME] [-p PASSWORD]
                    [-l LOCATION] [-st STEP_LIMIT] [-sd SCAN_DELAY]
                    [-ld LOGIN_DELAY] [-dc] [-H HOST] [-P PORT] [-L LOCALE]
                    [-c] [-d] [-m] [-ns] [-os] [-nsc] [-fl] -k GMAPS_KEY [-C]
                    [-D DB] [-cd] [-np] [-ng] [-nk] [--db-type DB_TYPE]
                    [--db-name DB_NAME] [--db-user DB_USER]
                    [--db-pass DB_PASS] [--db-host DB_HOST]
                    [--db-max_connections DB_MAX_CONNECTIONS]
                    [-wh [WEBHOOKS [WEBHOOKS ...]]]
runserver.py: error: argument -k/--gmaps-key is required
usage: runserver.py [-h] [-a AUTH_SERVICE] [-u USERNAME] [-p PASSWORD]
                    [-l LOCATION] [-st STEP_LIMIT] [-sd SCAN_DELAY]
                    [-ld LOGIN_DELAY] [-dc] [-H HOST] [-P PORT] [-L LOCALE]
                    [-c] [-d] [-m] [-ns] [-os] [-nsc] [-fl] -k GMAPS_KEY [-C]
                    [-D DB] [-cd] [-np] [-ng] [-nk] [--db-type DB_TYPE]
                    [--db-name DB_NAME] [--db-user DB_USER]
                    [--db-pass DB_PASS] [--db-host DB_HOST]
                    [--db-max_connections DB_MAX_CONNECTIONS]
                    [-wh [WEBHOOKS [WEBHOOKS ...]]]
runserver.py: error: argument -k/--gmaps-key is required
usage: runserver.py [-h] [-a AUTH_SERVICE] [-u USERNAME] [-p PASSWORD]
                    [-l LOCATION] [-st STEP_LIMIT] [-sd SCAN_DELAY]
                    [-ld LOGIN_DELAY] [-dc] [-H HOST] [-P PORT] [-L LOCALE]
                    [-c] [-d] [-m] [-ns] [-os] [-nsc] [-fl] -k GMAPS_KEY [-C]
                    [-D DB] [-cd] [-np] [-ng] [-nk] [--db-type DB_TYPE]
                    [--db-name DB_NAME] [--db-user DB_USER]
                    [--db-pass DB_PASS] [--db-host DB_HOST]
                    [--db-max_connections DB_MAX_CONNECTIONS]
                    [-wh [WEBHOOKS [WEBHOOKS ...]]]
runserver.py: error: argument -k/--gmaps-key is required
usage: runserver.py [-h] [-a AUTH_SERVICE] [-u USERNAME] [-p PASSWORD]
                    [-l LOCATION] [-st STEP_LIMIT] [-sd SCAN_DELAY]
                    [-ld LOGIN_DELAY] [-dc] [-H HOST] [-P PORT] [-L LOCALE]
                    [-c] [-d] [-m] [-ns] [-os] [-nsc] [-fl] -k GMAPS_KEY [-C]
                    [-D DB] [-cd] [-np] [-ng] [-nk] [--db-type DB_TYPE]
                    [--db-name DB_NAME] [--db-user DB_USER]
                    [--db-pass DB_PASS] [--db-host DB_HOST]
                    [--db-max_connections DB_MAX_CONNECTIONS]
                    [-wh [WEBHOOKS [WEBHOOKS ...]]]
runserver.py: error: argument -k/--gmaps-key is required
usage: runserver.py [-h] [-a AUTH_SERVICE] [-u USERNAME] [-p PASSWORD]
                    [-l LOCATION] [-st STEP_LIMIT] [-sd SCAN_DELAY]
                    [-ld LOGIN_DELAY] [-dc] [-H HOST] [-P PORT] [-L LOCALE]
                    [-c] [-d] [-m] [-ns] [-os] [-nsc] [-fl] -k GMAPS_KEY [-C]
                    [-D DB] [-cd] [-np] [-ng] [-nk] [--db-type DB_TYPE]
                    [--db-name DB_NAME] [--db-user DB_USER]
                    [--db-pass DB_PASS] [--db-host DB_HOST]
                    [--db-max_connections DB_MAX_CONNECTIONS]
                    [-wh [WEBHOOKS [WEBHOOKS ...]]]
runserver.py: error: argument -k/--gmaps-key is required
